<?xml version="1.0" encoding="UTF-8"?>
<!-- Generated by org.testng.reporters.JUnitReportReporter -->
<testsuite name="scripts.BuscarEnGooglePassedTestgroup" tests="2" time="7.193" ignored="1" failures="0" timestamp="19 nov 2018 21:26:12 GMT" skipped="1" hostname="EquipoPedro" errors="0">
  <testcase name="RealizarBusqueda" time="2.526" classname="scripts.BuscarEnGooglePassedTestgroup">
    <skipped/>
  </testcase> <!-- RealizarBusqueda -->
  <testcase name="Configuracion" time="4.667" classname="scripts.BuscarEnGooglePassedTestgroup"/>
  <testcase name="RealizarBusquedaIgnorado" classname="scripts.BuscarEnGoogleIgnoredTestgroup">
    <skipped/>
  </testcase> <!-- RealizarBusquedaIgnorado -->
</testsuite> <!-- scripts.BuscarEnGooglePassedTestgroup -->
