<?xml version="1.0" encoding="UTF-8"?>
<!-- Generated by org.testng.reporters.JUnitReportReporter -->
<testsuite name="scripts.BuscarEnGoogleIgnoredTestgroup" tests="2" time="7.105" ignored="1" failures="0" timestamp="19 nov 2018 21:26:12 GMT" skipped="1" hostname="EquipoPedro" errors="0">
  <testcase name="Configuracion" time="4.872" classname="scripts.BuscarEnGoogleIgnoredTestgroup"/>
  <testcase name="RealizarBusqueda" time="2.233" classname="scripts.BuscarEnGoogleIgnoredTestgroup">
    <skipped/>
  </testcase> <!-- RealizarBusqueda -->
  <testcase name="RealizarBusquedaIgnorado" classname="scripts.BuscarEnGoogleIgnoredTestgroup">
    <skipped/>
  </testcase> <!-- RealizarBusquedaIgnorado -->
</testsuite> <!-- scripts.BuscarEnGoogleIgnoredTestgroup -->
