<?xml version="1.0" encoding="UTF-8"?>
<!-- Generated by org.testng.reporters.JUnitReportReporter -->
<testsuite name="scripts.BuscarEnGoogleSkippedTestgroup" tests="2" time="7.282" ignored="1" failures="0" timestamp="19 nov 2018 21:26:12 GMT" skipped="1" hostname="EquipoPedro" errors="0">
  <testcase name="Configuracion" time="5.035" classname="scripts.BuscarEnGoogleSkippedTestgroup"/>
  <testcase name="RealizarBusqueda" time="2.247" classname="scripts.BuscarEnGoogleSkippedTestgroup">
    <skipped/>
  </testcase> <!-- RealizarBusqueda -->
  <testcase name="RealizarBusquedaIgnorado" classname="scripts.BuscarEnGoogleIgnoredTestgroup">
    <skipped/>
  </testcase> <!-- RealizarBusquedaIgnorado -->
</testsuite> <!-- scripts.BuscarEnGoogleSkippedTestgroup -->
